<?xml version="1.0" encoding="UTF-8"?>
<testsuite xmlns:xsi="http://www.w3.org/2001/XMLSchema-instance" xsi:noNamespaceSchemaLocation="https://maven.apache.org/surefire/maven-surefire-plugin/xsd/surefire-test-report.xsd" name="UserLoginTest" time="1.995" tests="3" errors="0" skipped="0" failures="0">
  <properties>
[...]
</properties>
  <testcase name="loginUser" classname="UserLoginTest" time="1.009"/>
  <testcase name="loginUserWithoutEmail" classname="UserLoginTest" time="0.603"/>
  <testcase name="loginUserWithoutPassword" classname="UserLoginTest" time="0.383"/>
</testsuite>